mode: atomic
github.com/xgzlucario/rotom/client.go:20.52,25.2 4 5
github.com/xgzlucario/rotom/client.go:28.41,30.2 1 1000
github.com/xgzlucario/rotom/client.go:33.52,35.2 1 1003
github.com/xgzlucario/rotom/client.go:38.73,40.2 1 1
github.com/xgzlucario/rotom/client.go:43.64,45.2 1 1004
github.com/xgzlucario/rotom/client.go:48.65,50.16 2 2000
github.com/xgzlucario/rotom/client.go:50.16,52.3 1 1000
github.com/xgzlucario/rotom/client.go:53.2,53.43 1 1000
github.com/xgzlucario/rotom/client.go:57.54,59.16 2 2
github.com/xgzlucario/rotom/client.go:59.16,61.3 1 0
github.com/xgzlucario/rotom/client.go:62.2,62.38 1 2
github.com/xgzlucario/rotom/client.go:66.59,68.16 2 1
github.com/xgzlucario/rotom/client.go:68.16,70.3 1 0
github.com/xgzlucario/rotom/client.go:71.2,71.30 1 1
github.com/xgzlucario/rotom/client.go:75.50,77.2 1 4
github.com/xgzlucario/rotom/client.go:80.40,82.16 2 1
github.com/xgzlucario/rotom/client.go:82.16,84.3 1 0
github.com/xgzlucario/rotom/client.go:85.2,85.41 1 1
github.com/xgzlucario/rotom/client.go:89.60,91.2 1 1004
github.com/xgzlucario/rotom/client.go:94.58,96.2 1 1002
github.com/xgzlucario/rotom/client.go:99.48,101.16 2 1001
github.com/xgzlucario/rotom/client.go:101.16,103.3 1 1
github.com/xgzlucario/rotom/client.go:104.2,104.38 1 1000
github.com/xgzlucario/rotom/client.go:108.54,110.16 2 1001
github.com/xgzlucario/rotom/client.go:110.16,112.3 1 1
github.com/xgzlucario/rotom/client.go:113.2,113.38 1 1000
github.com/xgzlucario/rotom/client.go:117.59,119.16 2 1001
github.com/xgzlucario/rotom/client.go:119.16,121.3 1 1
github.com/xgzlucario/rotom/client.go:122.2,122.30 1 1000
github.com/xgzlucario/rotom/client.go:126.65,128.16 2 41002
github.com/xgzlucario/rotom/client.go:128.16,130.3 1 1
github.com/xgzlucario/rotom/client.go:131.2,131.38 1 41001
github.com/xgzlucario/rotom/client.go:135.50,137.2 1 1501
github.com/xgzlucario/rotom/client.go:140.51,142.16 2 501
github.com/xgzlucario/rotom/client.go:142.16,144.3 1 1
github.com/xgzlucario/rotom/client.go:145.2,145.26 1 500
github.com/xgzlucario/rotom/client.go:149.55,151.16 2 1001
github.com/xgzlucario/rotom/client.go:151.16,153.3 1 1
github.com/xgzlucario/rotom/client.go:154.2,154.30 1 1000
github.com/xgzlucario/rotom/client.go:158.49,160.16 2 1001
github.com/xgzlucario/rotom/client.go:160.16,162.3 1 1
github.com/xgzlucario/rotom/client.go:163.2,163.38 1 1000
github.com/xgzlucario/rotom/client.go:167.57,169.16 2 3001
github.com/xgzlucario/rotom/client.go:169.16,171.3 1 1
github.com/xgzlucario/rotom/client.go:172.2,172.38 1 3000
github.com/xgzlucario/rotom/client.go:176.65,178.2 1 2000
github.com/xgzlucario/rotom/client.go:181.65,183.2 1 1000
github.com/xgzlucario/rotom/client.go:186.64,188.2 1 1000
github.com/xgzlucario/rotom/client.go:191.68,193.2 1 44000
github.com/xgzlucario/rotom/client.go:196.67,198.16 2 2000
github.com/xgzlucario/rotom/client.go:198.16,200.3 1 1000
github.com/xgzlucario/rotom/client.go:201.2,201.30 1 1000
github.com/xgzlucario/rotom/client.go:205.59,207.2 1 2000
github.com/xgzlucario/rotom/client.go:210.64,212.2 1 2000
github.com/xgzlucario/rotom/client.go:215.65,217.2 1 1000
github.com/xgzlucario/rotom/client.go:220.65,222.2 1 1000
github.com/xgzlucario/rotom/client.go:225.55,227.16 2 2000
github.com/xgzlucario/rotom/client.go:227.16,229.3 1 1000
github.com/xgzlucario/rotom/client.go:230.2,230.41 1 1000
github.com/xgzlucario/rotom/client.go:234.57,236.16 2 3000
github.com/xgzlucario/rotom/client.go:236.16,238.3 1 1000
github.com/xgzlucario/rotom/client.go:239.2,239.37 1 2000
github.com/xgzlucario/rotom/client.go:243.75,245.2 1 1001
github.com/xgzlucario/rotom/client.go:248.75,250.16 2 1001
github.com/xgzlucario/rotom/client.go:250.16,252.3 1 1
github.com/xgzlucario/rotom/client.go:253.2,253.43 1 1000
github.com/xgzlucario/rotom/client.go:257.51,259.2 1 1001
github.com/xgzlucario/rotom/client.go:262.32,264.2 1 1
github.com/xgzlucario/rotom/client.go:267.43,270.2 2 59511
github.com/xgzlucario/rotom/client.go:273.48,276.16 3 121031
github.com/xgzlucario/rotom/client.go:276.16,278.3 1 0
github.com/xgzlucario/rotom/client.go:281.2,282.16 2 121031
github.com/xgzlucario/rotom/client.go:282.16,284.3 1 0
github.com/xgzlucario/rotom/client.go:287.2,288.16 2 121031
github.com/xgzlucario/rotom/client.go:288.16,290.3 1 0
github.com/xgzlucario/rotom/client.go:291.2,291.20 1 121031
github.com/xgzlucario/rotom/client.go:291.20,293.3 1 0
github.com/xgzlucario/rotom/client.go:296.2,296.36 1 121031
github.com/xgzlucario/rotom/client.go:296.36,298.3 1 6018
github.com/xgzlucario/rotom/client.go:300.2,300.21 1 115013
github.com/xgzlucario/rotom/codec.go:20.18,20.59 1 170188
github.com/xgzlucario/rotom/codec.go:29.35,33.2 3 439778
github.com/xgzlucario/rotom/codec.go:35.27,38.2 2 360680
github.com/xgzlucario/rotom/codec.go:40.38,42.2 1 341772
github.com/xgzlucario/rotom/codec.go:44.45,46.2 1 139489
github.com/xgzlucario/rotom/codec.go:48.37,50.2 1 19110
github.com/xgzlucario/rotom/codec.go:52.40,54.2 1 131031
github.com/xgzlucario/rotom/codec.go:56.37,57.7 1 121615
github.com/xgzlucario/rotom/codec.go:57.7,59.3 1 119615
github.com/xgzlucario/rotom/codec.go:60.2,60.33 1 2000
github.com/xgzlucario/rotom/codec.go:63.39,65.2 1 126615
github.com/xgzlucario/rotom/codec.go:67.37,69.2 1 140141
github.com/xgzlucario/rotom/codec.go:71.41,73.2 1 9003
github.com/xgzlucario/rotom/codec.go:76.41,81.2 4 1036880
github.com/xgzlucario/rotom/codec.go:83.44,85.16 2 8105
github.com/xgzlucario/rotom/codec.go:85.16,87.3 1 1
github.com/xgzlucario/rotom/codec.go:88.2,89.15 2 8104
github.com/xgzlucario/rotom/codec.go:92.47,93.23 1 8105
github.com/xgzlucario/rotom/codec.go:94.21,95.27 1 4050
github.com/xgzlucario/rotom/codec.go:96.19,97.25 1 4054
github.com/xgzlucario/rotom/codec.go:98.10,99.81 1 1
github.com/xgzlucario/rotom/codec.go:104.30,110.2 3 342773
github.com/xgzlucario/rotom/codec.go:113.30,115.2 1 9020
github.com/xgzlucario/rotom/codec.go:118.29,119.7 1 3001
github.com/xgzlucario/rotom/codec.go:119.7,121.3 1 2501
github.com/xgzlucario/rotom/codec.go:122.2,122.15 1 500
github.com/xgzlucario/rotom/codec.go:129.38,131.2 1 242070
github.com/xgzlucario/rotom/codec.go:134.73,135.14 1 339270
github.com/xgzlucario/rotom/codec.go:135.14,137.3 1 1
github.com/xgzlucario/rotom/codec.go:138.2,142.30 3 339269
github.com/xgzlucario/rotom/codec.go:142.30,144.3 1 1
github.com/xgzlucario/rotom/codec.go:146.2,150.36 3 339268
github.com/xgzlucario/rotom/codec.go:150.36,152.13 2 788855
github.com/xgzlucario/rotom/codec.go:152.13,154.4 1 1
github.com/xgzlucario/rotom/codec.go:156.3,160.25 3 788854
github.com/xgzlucario/rotom/codec.go:160.25,162.4 1 1
github.com/xgzlucario/rotom/codec.go:163.3,165.23 2 788853
github.com/xgzlucario/rotom/codec.go:167.2,169.8 2 339266
github.com/xgzlucario/rotom/codec.go:172.31,174.2 1 436478
github.com/xgzlucario/rotom/rotom.go:84.67,87.43 2 19107
github.com/xgzlucario/rotom/rotom.go:87.43,89.4 1 103
github.com/xgzlucario/rotom/rotom.go:91.3,93.15 2 19004
github.com/xgzlucario/rotom/rotom.go:94.19,95.43 1 10902
github.com/xgzlucario/rotom/rotom.go:97.17,99.52 2 0
github.com/xgzlucario/rotom/rotom.go:99.52,101.5 1 0
github.com/xgzlucario/rotom/rotom.go:102.4,102.32 1 0
github.com/xgzlucario/rotom/rotom.go:104.16,106.51 2 4051
github.com/xgzlucario/rotom/rotom.go:106.51,108.5 1 0
github.com/xgzlucario/rotom/rotom.go:109.4,109.31 1 4051
github.com/xgzlucario/rotom/rotom.go:111.16,113.51 2 0
github.com/xgzlucario/rotom/rotom.go:113.51,115.5 1 0
github.com/xgzlucario/rotom/rotom.go:116.4,116.31 1 0
github.com/xgzlucario/rotom/rotom.go:118.19,120.53 2 4050
github.com/xgzlucario/rotom/rotom.go:120.53,122.5 1 0
github.com/xgzlucario/rotom/rotom.go:123.4,123.31 1 4050
github.com/xgzlucario/rotom/rotom.go:125.17,127.51 2 1
github.com/xgzlucario/rotom/rotom.go:127.51,129.5 1 0
github.com/xgzlucario/rotom/rotom.go:130.4,130.31 1 1
github.com/xgzlucario/rotom/rotom.go:132.11,133.64 1 0
github.com/xgzlucario/rotom/rotom.go:136.3,136.13 1 19004
github.com/xgzlucario/rotom/rotom.go:138.65,141.17 2 4
github.com/xgzlucario/rotom/rotom.go:141.17,143.4 1 3
github.com/xgzlucario/rotom/rotom.go:144.3,144.22 1 1
github.com/xgzlucario/rotom/rotom.go:146.68,151.3 3 2
github.com/xgzlucario/rotom/rotom.go:152.66,155.17 2 2000
github.com/xgzlucario/rotom/rotom.go:155.17,157.4 1 0
github.com/xgzlucario/rotom/rotom.go:158.3,159.17 2 2000
github.com/xgzlucario/rotom/rotom.go:159.17,161.4 1 1000
github.com/xgzlucario/rotom/rotom.go:162.3,162.22 1 1000
github.com/xgzlucario/rotom/rotom.go:164.68,168.3 2 1
github.com/xgzlucario/rotom/rotom.go:169.65,171.3 1 1
github.com/xgzlucario/rotom/rotom.go:173.66,176.3 1 1005
github.com/xgzlucario/rotom/rotom.go:177.66,180.17 2 1002
github.com/xgzlucario/rotom/rotom.go:180.17,182.4 1 2
github.com/xgzlucario/rotom/rotom.go:183.3,183.22 1 1000
github.com/xgzlucario/rotom/rotom.go:185.66,188.17 2 1001
github.com/xgzlucario/rotom/rotom.go:188.17,190.4 1 1
github.com/xgzlucario/rotom/rotom.go:191.3,191.36 1 1000
github.com/xgzlucario/rotom/rotom.go:193.67,196.17 2 1001
github.com/xgzlucario/rotom/rotom.go:196.17,198.4 1 1
github.com/xgzlucario/rotom/rotom.go:199.3,199.43 1 1000
github.com/xgzlucario/rotom/rotom.go:201.69,204.17 2 1001
github.com/xgzlucario/rotom/rotom.go:204.17,206.4 1 1
github.com/xgzlucario/rotom/rotom.go:207.3,207.36 1 1000
github.com/xgzlucario/rotom/rotom.go:210.66,213.17 2 75563
github.com/xgzlucario/rotom/rotom.go:213.17,215.4 1 1
github.com/xgzlucario/rotom/rotom.go:216.3,216.36 1 75562
github.com/xgzlucario/rotom/rotom.go:218.69,221.3 1 1501
github.com/xgzlucario/rotom/rotom.go:222.66,225.17 2 501
github.com/xgzlucario/rotom/rotom.go:225.17,227.4 1 1
github.com/xgzlucario/rotom/rotom.go:228.3,228.31 1 500
github.com/xgzlucario/rotom/rotom.go:230.66,233.17 2 1001
github.com/xgzlucario/rotom/rotom.go:233.17,235.4 1 1
github.com/xgzlucario/rotom/rotom.go:236.3,236.36 1 1000
github.com/xgzlucario/rotom/rotom.go:238.67,241.17 2 1001
github.com/xgzlucario/rotom/rotom.go:241.17,243.4 1 1
github.com/xgzlucario/rotom/rotom.go:244.3,244.36 1 1000
github.com/xgzlucario/rotom/rotom.go:246.70,249.17 2 3001
github.com/xgzlucario/rotom/rotom.go:249.17,251.4 1 1
github.com/xgzlucario/rotom/rotom.go:252.3,252.41 1 3000
github.com/xgzlucario/rotom/rotom.go:254.68,258.3 2 3729
github.com/xgzlucario/rotom/rotom.go:259.68,263.3 2 1864
github.com/xgzlucario/rotom/rotom.go:264.67,268.3 2 1864
github.com/xgzlucario/rotom/rotom.go:270.67,273.3 1 0
github.com/xgzlucario/rotom/rotom.go:274.66,278.3 2 0
github.com/xgzlucario/rotom/rotom.go:279.67,282.3 1 0
github.com/xgzlucario/rotom/rotom.go:283.66,287.3 2 0
github.com/xgzlucario/rotom/rotom.go:288.66,291.17 2 0
github.com/xgzlucario/rotom/rotom.go:291.17,293.4 1 0
github.com/xgzlucario/rotom/rotom.go:294.3,294.42 1 0
github.com/xgzlucario/rotom/rotom.go:297.68,301.3 2 78615
github.com/xgzlucario/rotom/rotom.go:302.69,305.17 2 2000
github.com/xgzlucario/rotom/rotom.go:305.17,307.4 1 1000
github.com/xgzlucario/rotom/rotom.go:308.3,308.36 1 1000
github.com/xgzlucario/rotom/rotom.go:310.69,313.3 1 2000
github.com/xgzlucario/rotom/rotom.go:314.67,318.3 2 3732
github.com/xgzlucario/rotom/rotom.go:319.68,323.3 2 1866
github.com/xgzlucario/rotom/rotom.go:324.68,328.3 2 1866
github.com/xgzlucario/rotom/rotom.go:329.70,332.17 2 2000
github.com/xgzlucario/rotom/rotom.go:332.17,334.4 1 1000
github.com/xgzlucario/rotom/rotom.go:335.3,335.36 1 1000
github.com/xgzlucario/rotom/rotom.go:337.70,340.17 2 3000
github.com/xgzlucario/rotom/rotom.go:340.17,342.4 1 1000
github.com/xgzlucario/rotom/rotom.go:343.3,343.43 1 2000
github.com/xgzlucario/rotom/rotom.go:346.66,349.17 2 2001
github.com/xgzlucario/rotom/rotom.go:349.17,351.4 1 0
github.com/xgzlucario/rotom/rotom.go:352.3,352.62 1 2001
github.com/xgzlucario/rotom/rotom.go:354.67,357.17 2 2001
github.com/xgzlucario/rotom/rotom.go:357.17,359.4 1 0
github.com/xgzlucario/rotom/rotom.go:360.3,361.17 2 2001
github.com/xgzlucario/rotom/rotom.go:361.17,363.4 1 1
github.com/xgzlucario/rotom/rotom.go:364.3,364.64 1 2000
github.com/xgzlucario/rotom/rotom.go:366.69,369.3 1 2001
github.com/xgzlucario/rotom/rotom.go:371.74,374.3 1 3
github.com/xgzlucario/rotom/rotom.go:375.63,377.3 1 1000
github.com/xgzlucario/rotom/rotom.go:470.42,484.33 3 12
github.com/xgzlucario/rotom/rotom.go:484.33,487.3 2 2
github.com/xgzlucario/rotom/rotom.go:488.2,491.21 2 10
github.com/xgzlucario/rotom/rotom.go:491.21,492.62 1 10
github.com/xgzlucario/rotom/rotom.go:492.62,494.4 1 4
github.com/xgzlucario/rotom/rotom.go:497.2,497.40 1 10
github.com/xgzlucario/rotom/rotom.go:497.40,499.61 1 9
github.com/xgzlucario/rotom/rotom.go:499.61,503.18 4 4
github.com/xgzlucario/rotom/rotom.go:503.18,505.5 1 0
github.com/xgzlucario/rotom/rotom.go:505.10,505.20 1 4
github.com/xgzlucario/rotom/rotom.go:505.20,507.5 1 3
github.com/xgzlucario/rotom/rotom.go:511.3,511.63 1 9
github.com/xgzlucario/rotom/rotom.go:511.63,515.4 3 4
github.com/xgzlucario/rotom/rotom.go:518.2,520.15 2 10
github.com/xgzlucario/rotom/rotom.go:524.44,527.2 2 5
github.com/xgzlucario/rotom/rotom.go:530.32,531.9 1 7
github.com/xgzlucario/rotom/rotom.go:532.22,533.32 1 1
github.com/xgzlucario/rotom/rotom.go:534.10,539.13 5 6
github.com/xgzlucario/rotom/rotom.go:544.36,545.32 1 189607
github.com/xgzlucario/rotom/rotom.go:545.32,547.3 1 0
github.com/xgzlucario/rotom/rotom.go:548.2,548.15 1 189607
github.com/xgzlucario/rotom/rotom.go:548.15,550.3 1 79097
github.com/xgzlucario/rotom/rotom.go:551.2,554.14 4 110510
github.com/xgzlucario/rotom/rotom.go:558.53,560.2 1 206
github.com/xgzlucario/rotom/rotom.go:563.62,565.8 2 21800
github.com/xgzlucario/rotom/rotom.go:565.8,566.30 1 20799
github.com/xgzlucario/rotom/rotom.go:566.30,568.4 1 20797
github.com/xgzlucario/rotom/rotom.go:569.3,569.36 1 2
github.com/xgzlucario/rotom/rotom.go:571.2,571.36 1 1001
github.com/xgzlucario/rotom/rotom.go:575.46,577.2 1 1
github.com/xgzlucario/rotom/rotom.go:580.67,582.2 1 1
github.com/xgzlucario/rotom/rotom.go:585.58,588.2 2 10002
github.com/xgzlucario/rotom/rotom.go:591.87,593.16 2 2002
github.com/xgzlucario/rotom/rotom.go:593.16,595.3 1 1000
github.com/xgzlucario/rotom/rotom.go:597.2,598.16 2 1002
github.com/xgzlucario/rotom/rotom.go:598.16,600.3 1 1
github.com/xgzlucario/rotom/rotom.go:601.2,607.31 5 1001
github.com/xgzlucario/rotom/rotom.go:611.66,614.2 2 2
github.com/xgzlucario/rotom/rotom.go:617.45,620.27 3 2
github.com/xgzlucario/rotom/rotom.go:620.27,621.22 1 2
github.com/xgzlucario/rotom/rotom.go:621.22,623.4 1 1
github.com/xgzlucario/rotom/rotom.go:625.2,625.12 1 2
github.com/xgzlucario/rotom/rotom.go:629.47,632.2 2 1
github.com/xgzlucario/rotom/rotom.go:635.34,637.2 1 1
github.com/xgzlucario/rotom/rotom.go:640.56,642.2 1 1
github.com/xgzlucario/rotom/rotom.go:645.41,647.2 1 1
github.com/xgzlucario/rotom/rotom.go:650.58,652.16 2 1002
github.com/xgzlucario/rotom/rotom.go:652.16,654.3 1 1
github.com/xgzlucario/rotom/rotom.go:655.2,656.9 2 1001
github.com/xgzlucario/rotom/rotom.go:656.9,658.3 1 1
github.com/xgzlucario/rotom/rotom.go:659.2,659.17 1 1000
github.com/xgzlucario/rotom/rotom.go:663.48,665.16 2 1001
github.com/xgzlucario/rotom/rotom.go:665.16,667.3 1 1
github.com/xgzlucario/rotom/rotom.go:668.2,668.21 1 1000
github.com/xgzlucario/rotom/rotom.go:672.60,674.16 2 1005
github.com/xgzlucario/rotom/rotom.go:674.16,676.3 1 2
github.com/xgzlucario/rotom/rotom.go:677.2,680.12 3 1003
github.com/xgzlucario/rotom/rotom.go:684.59,686.16 2 1001
github.com/xgzlucario/rotom/rotom.go:686.16,688.3 1 1
github.com/xgzlucario/rotom/rotom.go:689.2,691.29 2 1000
github.com/xgzlucario/rotom/rotom.go:695.54,697.16 2 1001
github.com/xgzlucario/rotom/rotom.go:697.16,699.3 1 1
github.com/xgzlucario/rotom/rotom.go:700.2,700.22 1 1000
github.com/xgzlucario/rotom/rotom.go:704.65,706.16 2 75563
github.com/xgzlucario/rotom/rotom.go:706.16,708.3 1 1
github.com/xgzlucario/rotom/rotom.go:709.2,710.32 2 75562
github.com/xgzlucario/rotom/rotom.go:714.57,716.16 2 1501
github.com/xgzlucario/rotom/rotom.go:716.16,718.3 1 1
github.com/xgzlucario/rotom/rotom.go:719.2,721.12 3 1500
github.com/xgzlucario/rotom/rotom.go:725.62,727.16 2 1001
github.com/xgzlucario/rotom/rotom.go:727.16,729.3 1 1
github.com/xgzlucario/rotom/rotom.go:730.2,730.30 1 1000
github.com/xgzlucario/rotom/rotom.go:734.57,736.16 2 501
github.com/xgzlucario/rotom/rotom.go:736.16,738.3 1 1
github.com/xgzlucario/rotom/rotom.go:739.2,740.21 2 500
github.com/xgzlucario/rotom/rotom.go:744.49,746.16 2 1001
github.com/xgzlucario/rotom/rotom.go:746.16,748.3 1 1
github.com/xgzlucario/rotom/rotom.go:749.2,749.29 1 1000
github.com/xgzlucario/rotom/rotom.go:753.57,755.16 2 3001
github.com/xgzlucario/rotom/rotom.go:755.16,757.3 1 1
github.com/xgzlucario/rotom/rotom.go:758.2,758.25 1 3000
github.com/xgzlucario/rotom/rotom.go:762.65,764.16 2 3729
github.com/xgzlucario/rotom/rotom.go:764.16,766.3 1 0
github.com/xgzlucario/rotom/rotom.go:767.2,769.34 2 3729
github.com/xgzlucario/rotom/rotom.go:769.34,771.17 2 3729
github.com/xgzlucario/rotom/rotom.go:771.17,773.4 1 0
github.com/xgzlucario/rotom/rotom.go:774.3,774.14 1 3729
github.com/xgzlucario/rotom/rotom.go:776.2,779.12 3 3729
github.com/xgzlucario/rotom/rotom.go:783.65,785.16 2 1864
github.com/xgzlucario/rotom/rotom.go:785.16,787.3 1 0
github.com/xgzlucario/rotom/rotom.go:788.2,790.34 2 1864
github.com/xgzlucario/rotom/rotom.go:790.34,792.17 2 1864
github.com/xgzlucario/rotom/rotom.go:792.17,794.4 1 0
github.com/xgzlucario/rotom/rotom.go:795.3,795.18 1 1864
github.com/xgzlucario/rotom/rotom.go:797.2,800.12 3 1864
github.com/xgzlucario/rotom/rotom.go:804.64,806.16 2 1864
github.com/xgzlucario/rotom/rotom.go:806.16,808.3 1 0
github.com/xgzlucario/rotom/rotom.go:809.2,811.34 2 1864
github.com/xgzlucario/rotom/rotom.go:811.34,813.17 2 1864
github.com/xgzlucario/rotom/rotom.go:813.17,815.4 1 0
github.com/xgzlucario/rotom/rotom.go:816.3,816.19 1 1864
github.com/xgzlucario/rotom/rotom.go:818.2,821.12 3 1864
github.com/xgzlucario/rotom/rotom.go:825.48,827.16 2 0
github.com/xgzlucario/rotom/rotom.go:827.16,829.3 1 0
github.com/xgzlucario/rotom/rotom.go:830.2,833.12 3 0
github.com/xgzlucario/rotom/rotom.go:837.48,839.16 2 0
github.com/xgzlucario/rotom/rotom.go:839.16,841.3 1 0
github.com/xgzlucario/rotom/rotom.go:842.2,845.12 3 0
github.com/xgzlucario/rotom/rotom.go:849.51,851.16 2 0
github.com/xgzlucario/rotom/rotom.go:851.16,853.3 1 0
github.com/xgzlucario/rotom/rotom.go:854.2,855.9 2 0
github.com/xgzlucario/rotom/rotom.go:855.9,857.3 1 0
github.com/xgzlucario/rotom/rotom.go:858.2,860.17 2 0
github.com/xgzlucario/rotom/rotom.go:864.51,866.16 2 0
github.com/xgzlucario/rotom/rotom.go:866.16,868.3 1 0
github.com/xgzlucario/rotom/rotom.go:869.2,870.9 2 0
github.com/xgzlucario/rotom/rotom.go:870.9,872.3 1 0
github.com/xgzlucario/rotom/rotom.go:873.2,875.17 2 0
github.com/xgzlucario/rotom/rotom.go:879.48,881.16 2 0
github.com/xgzlucario/rotom/rotom.go:881.16,883.3 1 0
github.com/xgzlucario/rotom/rotom.go:884.2,884.22 1 0
github.com/xgzlucario/rotom/rotom.go:888.67,890.16 2 2000
github.com/xgzlucario/rotom/rotom.go:890.16,892.3 1 1000
github.com/xgzlucario/rotom/rotom.go:893.2,893.29 1 1000
github.com/xgzlucario/rotom/rotom.go:897.76,899.16 2 78615
github.com/xgzlucario/rotom/rotom.go:899.16,901.3 1 1000
github.com/xgzlucario/rotom/rotom.go:902.2,904.9 2 77615
github.com/xgzlucario/rotom/rotom.go:904.9,906.3 1 76615
github.com/xgzlucario/rotom/rotom.go:907.2,907.31 1 1000
github.com/xgzlucario/rotom/rotom.go:911.59,913.16 2 2000
github.com/xgzlucario/rotom/rotom.go:913.16,915.3 1 1000
github.com/xgzlucario/rotom/rotom.go:916.2,919.12 3 1000
github.com/xgzlucario/rotom/rotom.go:923.64,925.30 2 3732
github.com/xgzlucario/rotom/rotom.go:925.30,927.17 2 7464
github.com/xgzlucario/rotom/rotom.go:927.17,929.4 1 0
github.com/xgzlucario/rotom/rotom.go:930.3,930.13 1 7464
github.com/xgzlucario/rotom/rotom.go:932.2,935.12 3 3732
github.com/xgzlucario/rotom/rotom.go:939.65,941.30 2 1866
github.com/xgzlucario/rotom/rotom.go:941.30,943.17 2 3732
github.com/xgzlucario/rotom/rotom.go:943.17,945.4 1 0
github.com/xgzlucario/rotom/rotom.go:946.3,946.14 1 3732
github.com/xgzlucario/rotom/rotom.go:948.2,951.12 3 1866
github.com/xgzlucario/rotom/rotom.go:955.65,957.30 2 1866
github.com/xgzlucario/rotom/rotom.go:957.30,959.17 2 3732
github.com/xgzlucario/rotom/rotom.go:959.17,961.4 1 0
github.com/xgzlucario/rotom/rotom.go:962.3,962.14 1 3732
github.com/xgzlucario/rotom/rotom.go:964.2,967.12 3 1866
github.com/xgzlucario/rotom/rotom.go:971.57,973.16 2 3000
github.com/xgzlucario/rotom/rotom.go:973.16,975.3 1 1000
github.com/xgzlucario/rotom/rotom.go:976.2,976.26 1 2000
github.com/xgzlucario/rotom/rotom.go:980.55,982.16 2 2000
github.com/xgzlucario/rotom/rotom.go:982.16,984.3 1 1000
github.com/xgzlucario/rotom/rotom.go:985.2,985.22 1 1000
github.com/xgzlucario/rotom/rotom.go:989.74,991.16 2 2001
github.com/xgzlucario/rotom/rotom.go:991.16,993.3 1 1
github.com/xgzlucario/rotom/rotom.go:994.2,997.12 3 2000
github.com/xgzlucario/rotom/rotom.go:1001.73,1003.16 2 2001
github.com/xgzlucario/rotom/rotom.go:1003.16,1005.3 1 1
github.com/xgzlucario/rotom/rotom.go:1006.2,1008.32 2 2000
github.com/xgzlucario/rotom/rotom.go:1012.50,1014.16 2 2001
github.com/xgzlucario/rotom/rotom.go:1014.16,1016.3 1 1
github.com/xgzlucario/rotom/rotom.go:1017.2,1020.12 3 2000
github.com/xgzlucario/rotom/rotom.go:1024.73,1025.20 1 18
github.com/xgzlucario/rotom/rotom.go:1025.20,1027.3 1 6
github.com/xgzlucario/rotom/rotom.go:1029.2,1030.16 2 12
github.com/xgzlucario/rotom/rotom.go:1030.16,1032.3 1 0
github.com/xgzlucario/rotom/rotom.go:1033.2,1036.16 3 12
github.com/xgzlucario/rotom/rotom.go:1036.16,1038.3 1 0
github.com/xgzlucario/rotom/rotom.go:1040.2,1041.15 2 12
github.com/xgzlucario/rotom/rotom.go:1045.31,1047.16 2 12
github.com/xgzlucario/rotom/rotom.go:1047.16,1048.25 1 7
github.com/xgzlucario/rotom/rotom.go:1048.25,1050.4 1 7
github.com/xgzlucario/rotom/rotom.go:1051.3,1051.13 1 0
github.com/xgzlucario/rotom/rotom.go:1054.2,1057.22 3 5
github.com/xgzlucario/rotom/rotom.go:1057.22,1059.17 2 97205
github.com/xgzlucario/rotom/rotom.go:1059.17,1061.4 1 1
github.com/xgzlucario/rotom/rotom.go:1062.3,1062.71 1 97204
github.com/xgzlucario/rotom/rotom.go:1062.71,1064.4 1 1
github.com/xgzlucario/rotom/rotom.go:1066.2,1068.12 2 3
github.com/xgzlucario/rotom/rotom.go:1072.27,1073.32 1 4
github.com/xgzlucario/rotom/rotom.go:1073.32,1075.3 1 0
github.com/xgzlucario/rotom/rotom.go:1077.2,1079.69 2 4
github.com/xgzlucario/rotom/rotom.go:1079.69,1080.24 1 8104
github.com/xgzlucario/rotom/rotom.go:1081.12,1082.22 1 2
github.com/xgzlucario/rotom/rotom.go:1083.15,1084.22 1 4050
github.com/xgzlucario/rotom/rotom.go:1085.13,1086.20 1 0
github.com/xgzlucario/rotom/rotom.go:1087.12,1088.19 1 4051
github.com/xgzlucario/rotom/rotom.go:1089.13,1090.20 1 1
github.com/xgzlucario/rotom/rotom.go:1091.11,1092.61 1 0
github.com/xgzlucario/rotom/rotom.go:1096.3,1096.94 1 8104
github.com/xgzlucario/rotom/rotom.go:1096.94,1099.4 2 8104
github.com/xgzlucario/rotom/rotom.go:1101.2,1101.16 1 4
github.com/xgzlucario/rotom/rotom.go:1101.16,1102.13 1 0
github.com/xgzlucario/rotom/rotom.go:1106.2,1117.33 8 4
github.com/xgzlucario/rotom/rotom.go:1121.33,1122.25 1 4
github.com/xgzlucario/rotom/rotom.go:1122.25,1124.3 1 0
github.com/xgzlucario/rotom/rotom.go:1125.2,1125.33 1 4
github.com/xgzlucario/rotom/rotom.go:1129.73,1130.34 1 5010
github.com/xgzlucario/rotom/rotom.go:1130.34,1132.3 1 3
github.com/xgzlucario/rotom/rotom.go:1136.73,1137.34 1 97482
github.com/xgzlucario/rotom/rotom.go:1137.34,1139.3 1 11615
github.com/xgzlucario/rotom/rotom.go:1143.75,1144.35 1 0
github.com/xgzlucario/rotom/rotom.go:1144.35,1146.3 1 0
github.com/xgzlucario/rotom/rotom.go:1150.80,1151.37 1 102543
github.com/xgzlucario/rotom/rotom.go:1151.37,1153.3 1 11126
github.com/xgzlucario/rotom/rotom.go:1157.75,1158.35 1 6003
github.com/xgzlucario/rotom/rotom.go:1158.35,1160.3 1 1
github.com/xgzlucario/rotom/rotom.go:1164.88,1166.8 2 211038
github.com/xgzlucario/rotom/rotom.go:1166.8,1168.9 2 188293
github.com/xgzlucario/rotom/rotom.go:1168.9,1170.4 1 183278
github.com/xgzlucario/rotom/rotom.go:1171.3,1171.94 1 5015
github.com/xgzlucario/rotom/rotom.go:1174.2,1175.32 2 22745
github.com/xgzlucario/rotom/rotom.go:1175.32,1177.3 1 105
github.com/xgzlucario/rotom/rotom.go:1179.2,1179.15 1 22745
github.com/xgzlucario/rotom/rotom.go:1183.48,1184.9 1 16
github.com/xgzlucario/rotom/rotom.go:1185.17,1186.34 1 1
github.com/xgzlucario/rotom/rotom.go:1187.17,1188.49 1 6
github.com/xgzlucario/rotom/rotom.go:1189.10,1190.49 1 9
github.com/xgzlucario/rotom/rotom.go:1195.38,1209.2 5 4
github.com/xgzlucario/rotom/rotom.go:1212.51,1213.21 1 30
github.com/xgzlucario/rotom/rotom.go:1213.21,1215.3 1 30
github.com/xgzlucario/rotom/rotom.go:1219.52,1220.21 1 2
github.com/xgzlucario/rotom/rotom.go:1220.21,1222.3 1 2
github.com/xgzlucario/rotom/server.go:13.19,17.4 1 34885
github.com/xgzlucario/rotom/server.go:36.61,38.16 2 121031
github.com/xgzlucario/rotom/server.go:38.16,40.3 1 0
github.com/xgzlucario/rotom/server.go:43.2,45.16 3 121031
github.com/xgzlucario/rotom/server.go:45.16,48.3 1 6018
github.com/xgzlucario/rotom/server.go:48.8,50.3 1 115013
github.com/xgzlucario/rotom/server.go:53.2,55.16 3 121031
github.com/xgzlucario/rotom/server.go:55.16,58.3 2 115013
github.com/xgzlucario/rotom/server.go:59.2,59.16 1 121031
github.com/xgzlucario/rotom/server.go:59.16,61.3 1 0
github.com/xgzlucario/rotom/server.go:63.2,63.18 1 121031
github.com/xgzlucario/rotom/server.go:67.66,69.16 2 121031
github.com/xgzlucario/rotom/server.go:69.16,71.3 1 0
github.com/xgzlucario/rotom/server.go:73.2,74.56 2 121031
github.com/xgzlucario/rotom/server.go:74.56,76.3 1 6018
github.com/xgzlucario/rotom/server.go:78.2,78.17 1 115013
