mode: set
github.com/xgzlucario/rotom/client.go:26.52,30.2 3 0
github.com/xgzlucario/rotom/client.go:33.62,35.2 1 0
github.com/xgzlucario/rotom/client.go:38.83,40.2 1 0
github.com/xgzlucario/rotom/client.go:43.74,45.2 1 0
github.com/xgzlucario/rotom/client.go:48.53,50.2 1 0
github.com/xgzlucario/rotom/client.go:53.61,55.2 1 0
github.com/xgzlucario/rotom/client.go:58.50,60.2 1 0
github.com/xgzlucario/rotom/client.go:63.37,65.16 2 0
github.com/xgzlucario/rotom/client.go:65.16,67.3 1 0
github.com/xgzlucario/rotom/client.go:68.2,68.39 1 0
github.com/xgzlucario/rotom/client.go:72.70,74.2 1 0
github.com/xgzlucario/rotom/client.go:77.61,79.2 1 0
github.com/xgzlucario/rotom/client.go:82.32,84.2 1 0
github.com/xgzlucario/rotom/client.go:87.48,91.16 3 0
github.com/xgzlucario/rotom/client.go:91.16,93.3 1 0
github.com/xgzlucario/rotom/client.go:94.2,98.16 4 0
github.com/xgzlucario/rotom/client.go:98.16,100.3 1 0
github.com/xgzlucario/rotom/client.go:102.2,102.35 1 0
github.com/xgzlucario/rotom/codec.go:19.18,21.3 1 1
github.com/xgzlucario/rotom/codec.go:30.35,34.2 3 1
github.com/xgzlucario/rotom/codec.go:36.27,39.2 2 1
github.com/xgzlucario/rotom/codec.go:41.38,43.2 1 1
github.com/xgzlucario/rotom/codec.go:45.38,47.2 1 1
github.com/xgzlucario/rotom/codec.go:49.40,51.2 1 1
github.com/xgzlucario/rotom/codec.go:53.37,54.7 1 1
github.com/xgzlucario/rotom/codec.go:54.7,56.3 1 1
github.com/xgzlucario/rotom/codec.go:57.2,57.33 1 0
github.com/xgzlucario/rotom/codec.go:60.39,62.2 1 1
github.com/xgzlucario/rotom/codec.go:64.37,66.2 1 1
github.com/xgzlucario/rotom/codec.go:68.41,70.2 1 0
github.com/xgzlucario/rotom/codec.go:73.41,78.2 4 1
github.com/xgzlucario/rotom/codec.go:80.44,82.16 2 0
github.com/xgzlucario/rotom/codec.go:82.16,84.3 1 0
github.com/xgzlucario/rotom/codec.go:85.2,86.15 2 0
github.com/xgzlucario/rotom/codec.go:89.47,90.23 1 0
github.com/xgzlucario/rotom/codec.go:91.14,92.16 1 0
github.com/xgzlucario/rotom/codec.go:93.21,94.27 1 0
github.com/xgzlucario/rotom/codec.go:95.18,96.23 1 0
github.com/xgzlucario/rotom/codec.go:97.19,98.25 1 0
github.com/xgzlucario/rotom/codec.go:99.10,100.81 1 0
github.com/xgzlucario/rotom/codec.go:105.30,111.2 3 1
github.com/xgzlucario/rotom/codec.go:114.30,116.2 1 1
github.com/xgzlucario/rotom/rotom.go:188.42,198.33 3 1
github.com/xgzlucario/rotom/rotom.go:198.33,200.3 1 0
github.com/xgzlucario/rotom/rotom.go:203.2,203.32 1 1
github.com/xgzlucario/rotom/rotom.go:203.32,205.3 1 0
github.com/xgzlucario/rotom/rotom.go:207.2,207.32 1 1
github.com/xgzlucario/rotom/rotom.go:207.32,209.36 1 1
github.com/xgzlucario/rotom/rotom.go:209.36,213.18 4 1
github.com/xgzlucario/rotom/rotom.go:213.18,215.5 1 0
github.com/xgzlucario/rotom/rotom.go:215.10,215.20 1 1
github.com/xgzlucario/rotom/rotom.go:215.20,217.5 1 1
github.com/xgzlucario/rotom/rotom.go:221.3,221.38 1 1
github.com/xgzlucario/rotom/rotom.go:221.38,225.4 3 0
github.com/xgzlucario/rotom/rotom.go:228.2,230.15 2 1
github.com/xgzlucario/rotom/rotom.go:234.44,237.2 2 0
github.com/xgzlucario/rotom/rotom.go:240.32,243.14 3 1
github.com/xgzlucario/rotom/rotom.go:243.14,245.3 1 0
github.com/xgzlucario/rotom/rotom.go:246.2,249.12 3 1
github.com/xgzlucario/rotom/rotom.go:253.36,254.32 1 1
github.com/xgzlucario/rotom/rotom.go:254.32,256.3 1 0
github.com/xgzlucario/rotom/rotom.go:257.2,260.14 4 1
github.com/xgzlucario/rotom/rotom.go:264.53,266.2 1 1
github.com/xgzlucario/rotom/rotom.go:269.62,271.8 2 1
github.com/xgzlucario/rotom/rotom.go:271.8,272.30 1 1
github.com/xgzlucario/rotom/rotom.go:272.30,274.4 1 1
github.com/xgzlucario/rotom/rotom.go:275.3,275.36 1 0
github.com/xgzlucario/rotom/rotom.go:277.2,277.36 1 0
github.com/xgzlucario/rotom/rotom.go:281.57,283.2 1 0
github.com/xgzlucario/rotom/rotom.go:286.46,288.2 1 0
github.com/xgzlucario/rotom/rotom.go:291.67,293.2 1 0
github.com/xgzlucario/rotom/rotom.go:296.58,299.2 2 1
github.com/xgzlucario/rotom/rotom.go:302.74,304.16 2 0
github.com/xgzlucario/rotom/rotom.go:304.16,306.3 1 0
github.com/xgzlucario/rotom/rotom.go:308.2,309.16 2 0
github.com/xgzlucario/rotom/rotom.go:309.16,311.3 1 0
github.com/xgzlucario/rotom/rotom.go:312.2,318.17 5 0
github.com/xgzlucario/rotom/rotom.go:322.42,325.2 2 0
github.com/xgzlucario/rotom/rotom.go:328.47,331.2 2 0
github.com/xgzlucario/rotom/rotom.go:334.34,336.2 1 0
github.com/xgzlucario/rotom/rotom.go:339.56,341.2 1 0
github.com/xgzlucario/rotom/rotom.go:344.41,346.2 1 0
github.com/xgzlucario/rotom/rotom.go:349.58,351.16 2 0
github.com/xgzlucario/rotom/rotom.go:351.16,353.3 1 0
github.com/xgzlucario/rotom/rotom.go:355.2,356.9 2 0
github.com/xgzlucario/rotom/rotom.go:356.9,358.3 1 0
github.com/xgzlucario/rotom/rotom.go:359.2,359.17 1 0
github.com/xgzlucario/rotom/rotom.go:363.48,365.16 2 0
github.com/xgzlucario/rotom/rotom.go:365.16,367.3 1 0
github.com/xgzlucario/rotom/rotom.go:368.2,368.21 1 0
github.com/xgzlucario/rotom/rotom.go:372.60,374.16 2 0
github.com/xgzlucario/rotom/rotom.go:374.16,376.3 1 0
github.com/xgzlucario/rotom/rotom.go:377.2,380.12 3 0
github.com/xgzlucario/rotom/rotom.go:384.51,386.16 2 0
github.com/xgzlucario/rotom/rotom.go:386.16,388.3 1 0
github.com/xgzlucario/rotom/rotom.go:389.2,392.12 3 0
github.com/xgzlucario/rotom/rotom.go:396.54,398.16 2 0
github.com/xgzlucario/rotom/rotom.go:398.16,400.3 1 0
github.com/xgzlucario/rotom/rotom.go:401.2,401.22 1 0
github.com/xgzlucario/rotom/rotom.go:405.54,407.16 2 0
github.com/xgzlucario/rotom/rotom.go:407.16,409.3 1 0
github.com/xgzlucario/rotom/rotom.go:410.2,413.12 3 0
github.com/xgzlucario/rotom/rotom.go:417.57,419.16 2 0
github.com/xgzlucario/rotom/rotom.go:419.16,421.3 1 0
github.com/xgzlucario/rotom/rotom.go:422.2,425.12 3 0
github.com/xgzlucario/rotom/rotom.go:429.62,431.16 2 0
github.com/xgzlucario/rotom/rotom.go:431.16,433.3 1 0
github.com/xgzlucario/rotom/rotom.go:434.2,434.25 1 0
github.com/xgzlucario/rotom/rotom.go:438.49,440.16 2 0
github.com/xgzlucario/rotom/rotom.go:440.16,442.3 1 0
github.com/xgzlucario/rotom/rotom.go:443.2,443.21 1 0
github.com/xgzlucario/rotom/rotom.go:447.56,449.16 2 0
github.com/xgzlucario/rotom/rotom.go:449.16,451.3 1 0
github.com/xgzlucario/rotom/rotom.go:452.2,453.16 2 0
github.com/xgzlucario/rotom/rotom.go:453.16,455.3 1 0
github.com/xgzlucario/rotom/rotom.go:456.2,458.18 2 0
github.com/xgzlucario/rotom/rotom.go:458.18,460.3 1 0
github.com/xgzlucario/rotom/rotom.go:460.8,460.25 1 0
github.com/xgzlucario/rotom/rotom.go:460.25,462.3 1 0
github.com/xgzlucario/rotom/rotom.go:462.8,464.3 1 0
github.com/xgzlucario/rotom/rotom.go:466.2,466.12 1 0
github.com/xgzlucario/rotom/rotom.go:470.56,472.16 2 0
github.com/xgzlucario/rotom/rotom.go:472.16,474.3 1 0
github.com/xgzlucario/rotom/rotom.go:475.2,476.16 2 0
github.com/xgzlucario/rotom/rotom.go:476.16,478.3 1 0
github.com/xgzlucario/rotom/rotom.go:479.2,481.18 2 0
github.com/xgzlucario/rotom/rotom.go:481.18,483.3 1 0
github.com/xgzlucario/rotom/rotom.go:483.8,483.25 1 0
github.com/xgzlucario/rotom/rotom.go:483.25,485.3 1 0
github.com/xgzlucario/rotom/rotom.go:485.8,487.3 1 0
github.com/xgzlucario/rotom/rotom.go:489.2,489.12 1 0
github.com/xgzlucario/rotom/rotom.go:493.55,495.16 2 0
github.com/xgzlucario/rotom/rotom.go:495.16,497.3 1 0
github.com/xgzlucario/rotom/rotom.go:498.2,499.16 2 0
github.com/xgzlucario/rotom/rotom.go:499.16,501.3 1 0
github.com/xgzlucario/rotom/rotom.go:502.2,504.18 2 0
github.com/xgzlucario/rotom/rotom.go:504.18,506.3 1 0
github.com/xgzlucario/rotom/rotom.go:506.8,506.25 1 0
github.com/xgzlucario/rotom/rotom.go:506.25,508.3 1 0
github.com/xgzlucario/rotom/rotom.go:508.8,510.3 1 0
github.com/xgzlucario/rotom/rotom.go:512.2,512.12 1 0
github.com/xgzlucario/rotom/rotom.go:516.48,518.16 2 0
github.com/xgzlucario/rotom/rotom.go:518.16,520.3 1 0
github.com/xgzlucario/rotom/rotom.go:521.2,524.12 3 0
github.com/xgzlucario/rotom/rotom.go:528.48,530.16 2 0
github.com/xgzlucario/rotom/rotom.go:530.16,532.3 1 0
github.com/xgzlucario/rotom/rotom.go:533.2,536.12 3 0
github.com/xgzlucario/rotom/rotom.go:540.51,542.16 2 0
github.com/xgzlucario/rotom/rotom.go:542.16,544.3 1 0
github.com/xgzlucario/rotom/rotom.go:545.2,546.9 2 0
github.com/xgzlucario/rotom/rotom.go:546.9,548.3 1 0
github.com/xgzlucario/rotom/rotom.go:549.2,551.17 2 0
github.com/xgzlucario/rotom/rotom.go:555.51,557.16 2 0
github.com/xgzlucario/rotom/rotom.go:557.16,559.3 1 0
github.com/xgzlucario/rotom/rotom.go:560.2,561.9 2 0
github.com/xgzlucario/rotom/rotom.go:561.9,563.3 1 0
github.com/xgzlucario/rotom/rotom.go:564.2,566.17 2 0
github.com/xgzlucario/rotom/rotom.go:570.48,572.16 2 0
github.com/xgzlucario/rotom/rotom.go:572.16,574.3 1 0
github.com/xgzlucario/rotom/rotom.go:575.2,575.22 1 0
github.com/xgzlucario/rotom/rotom.go:579.67,581.16 2 1
github.com/xgzlucario/rotom/rotom.go:581.16,583.3 1 0
github.com/xgzlucario/rotom/rotom.go:584.2,584.29 1 1
github.com/xgzlucario/rotom/rotom.go:588.76,590.16 2 1
github.com/xgzlucario/rotom/rotom.go:590.16,592.3 1 0
github.com/xgzlucario/rotom/rotom.go:593.2,595.9 2 1
github.com/xgzlucario/rotom/rotom.go:595.9,597.3 1 1
github.com/xgzlucario/rotom/rotom.go:598.2,598.31 1 0
github.com/xgzlucario/rotom/rotom.go:602.59,604.16 2 0
github.com/xgzlucario/rotom/rotom.go:604.16,606.3 1 0
github.com/xgzlucario/rotom/rotom.go:607.2,610.12 3 0
github.com/xgzlucario/rotom/rotom.go:614.55,616.16 2 0
github.com/xgzlucario/rotom/rotom.go:616.16,618.3 1 0
github.com/xgzlucario/rotom/rotom.go:619.2,620.16 2 0
github.com/xgzlucario/rotom/rotom.go:620.16,622.3 1 0
github.com/xgzlucario/rotom/rotom.go:623.2,625.18 2 0
github.com/xgzlucario/rotom/rotom.go:625.18,627.3 1 0
github.com/xgzlucario/rotom/rotom.go:627.8,627.25 1 0
github.com/xgzlucario/rotom/rotom.go:627.25,629.3 1 0
github.com/xgzlucario/rotom/rotom.go:629.8,631.3 1 0
github.com/xgzlucario/rotom/rotom.go:633.2,633.12 1 0
github.com/xgzlucario/rotom/rotom.go:637.56,639.16 2 0
github.com/xgzlucario/rotom/rotom.go:639.16,641.3 1 0
github.com/xgzlucario/rotom/rotom.go:642.2,643.16 2 0
github.com/xgzlucario/rotom/rotom.go:643.16,645.3 1 0
github.com/xgzlucario/rotom/rotom.go:646.2,648.18 2 0
github.com/xgzlucario/rotom/rotom.go:648.18,650.3 1 0
github.com/xgzlucario/rotom/rotom.go:650.8,650.25 1 0
github.com/xgzlucario/rotom/rotom.go:650.25,652.3 1 0
github.com/xgzlucario/rotom/rotom.go:652.8,654.3 1 0
github.com/xgzlucario/rotom/rotom.go:656.2,656.12 1 0
github.com/xgzlucario/rotom/rotom.go:660.56,662.16 2 0
github.com/xgzlucario/rotom/rotom.go:662.16,664.3 1 0
github.com/xgzlucario/rotom/rotom.go:665.2,666.16 2 0
github.com/xgzlucario/rotom/rotom.go:666.16,668.3 1 0
github.com/xgzlucario/rotom/rotom.go:669.2,671.18 2 0
github.com/xgzlucario/rotom/rotom.go:671.18,673.3 1 0
github.com/xgzlucario/rotom/rotom.go:673.8,673.25 1 0
github.com/xgzlucario/rotom/rotom.go:673.25,675.3 1 0
github.com/xgzlucario/rotom/rotom.go:675.8,677.3 1 0
github.com/xgzlucario/rotom/rotom.go:679.2,679.12 1 0
github.com/xgzlucario/rotom/rotom.go:683.57,685.16 2 0
github.com/xgzlucario/rotom/rotom.go:685.16,687.3 1 0
github.com/xgzlucario/rotom/rotom.go:688.2,688.26 1 0
github.com/xgzlucario/rotom/rotom.go:692.55,694.16 2 1
github.com/xgzlucario/rotom/rotom.go:694.16,696.3 1 0
github.com/xgzlucario/rotom/rotom.go:697.2,697.22 1 1
github.com/xgzlucario/rotom/rotom.go:701.74,703.16 2 0
github.com/xgzlucario/rotom/rotom.go:703.16,705.3 1 0
github.com/xgzlucario/rotom/rotom.go:706.2,709.12 3 0
github.com/xgzlucario/rotom/rotom.go:713.73,715.16 2 0
github.com/xgzlucario/rotom/rotom.go:715.16,717.3 1 0
github.com/xgzlucario/rotom/rotom.go:718.2,720.32 2 0
github.com/xgzlucario/rotom/rotom.go:724.50,726.16 2 0
github.com/xgzlucario/rotom/rotom.go:726.16,728.3 1 0
github.com/xgzlucario/rotom/rotom.go:729.2,732.12 3 0
github.com/xgzlucario/rotom/rotom.go:736.73,737.20 1 1
github.com/xgzlucario/rotom/rotom.go:737.20,739.3 1 1
github.com/xgzlucario/rotom/rotom.go:741.2,742.16 2 1
github.com/xgzlucario/rotom/rotom.go:742.16,744.3 1 0
github.com/xgzlucario/rotom/rotom.go:745.2,748.16 3 1
github.com/xgzlucario/rotom/rotom.go:748.16,750.3 1 0
github.com/xgzlucario/rotom/rotom.go:752.2,753.15 2 1
github.com/xgzlucario/rotom/rotom.go:757.31,759.16 2 1
github.com/xgzlucario/rotom/rotom.go:759.16,760.25 1 1
github.com/xgzlucario/rotom/rotom.go:760.25,762.4 1 1
github.com/xgzlucario/rotom/rotom.go:763.3,763.13 1 0
github.com/xgzlucario/rotom/rotom.go:766.2,772.20 3 1
github.com/xgzlucario/rotom/rotom.go:772.20,779.17 5 1
github.com/xgzlucario/rotom/rotom.go:779.17,781.4 1 0
github.com/xgzlucario/rotom/rotom.go:783.3,783.13 1 1
github.com/xgzlucario/rotom/rotom.go:784.23,785.54 1 0
github.com/xgzlucario/rotom/rotom.go:785.54,787.5 1 0
github.com/xgzlucario/rotom/rotom.go:789.16,791.47 2 1
github.com/xgzlucario/rotom/rotom.go:791.47,792.13 1 1
github.com/xgzlucario/rotom/rotom.go:795.4,797.17 2 1
github.com/xgzlucario/rotom/rotom.go:798.20,799.42 1 1
github.com/xgzlucario/rotom/rotom.go:801.18,803.53 2 0
github.com/xgzlucario/rotom/rotom.go:803.53,805.6 1 0
github.com/xgzlucario/rotom/rotom.go:806.5,806.31 1 0
github.com/xgzlucario/rotom/rotom.go:808.17,810.52 2 0
github.com/xgzlucario/rotom/rotom.go:810.52,812.6 1 0
github.com/xgzlucario/rotom/rotom.go:813.5,813.30 1 0
github.com/xgzlucario/rotom/rotom.go:815.20,817.54 2 0
github.com/xgzlucario/rotom/rotom.go:817.54,819.6 1 0
github.com/xgzlucario/rotom/rotom.go:820.5,820.30 1 0
github.com/xgzlucario/rotom/rotom.go:822.12,823.66 1 0
github.com/xgzlucario/rotom/rotom.go:826.17,827.29 1 0
github.com/xgzlucario/rotom/rotom.go:829.17,830.44 1 0
github.com/xgzlucario/rotom/rotom.go:832.15,834.18 2 0
github.com/xgzlucario/rotom/rotom.go:834.18,836.5 1 0
github.com/xgzlucario/rotom/rotom.go:837.4,837.33 1 0
github.com/xgzlucario/rotom/rotom.go:839.18,841.18 2 0
github.com/xgzlucario/rotom/rotom.go:841.18,843.5 1 0
github.com/xgzlucario/rotom/rotom.go:844.4,844.27 1 0
github.com/xgzlucario/rotom/rotom.go:846.16,848.18 2 0
github.com/xgzlucario/rotom/rotom.go:848.18,850.5 1 0
github.com/xgzlucario/rotom/rotom.go:851.4,851.27 1 0
github.com/xgzlucario/rotom/rotom.go:853.16,855.18 2 0
github.com/xgzlucario/rotom/rotom.go:855.18,857.5 1 0
github.com/xgzlucario/rotom/rotom.go:858.4,858.27 1 0
github.com/xgzlucario/rotom/rotom.go:860.15,862.18 2 0
github.com/xgzlucario/rotom/rotom.go:862.18,864.5 1 0
github.com/xgzlucario/rotom/rotom.go:865.4,865.13 1 0
github.com/xgzlucario/rotom/rotom.go:867.15,869.18 2 0
github.com/xgzlucario/rotom/rotom.go:869.18,871.5 1 0
github.com/xgzlucario/rotom/rotom.go:872.4,872.13 1 0
github.com/xgzlucario/rotom/rotom.go:874.17,876.18 2 1
github.com/xgzlucario/rotom/rotom.go:876.18,878.5 1 0
github.com/xgzlucario/rotom/rotom.go:880.4,881.27 2 1
github.com/xgzlucario/rotom/rotom.go:881.27,883.5 1 1
github.com/xgzlucario/rotom/rotom.go:883.10,885.5 1 0
github.com/xgzlucario/rotom/rotom.go:887.18,889.18 2 0
github.com/xgzlucario/rotom/rotom.go:889.18,891.5 1 0
github.com/xgzlucario/rotom/rotom.go:892.4,892.43 1 0
github.com/xgzlucario/rotom/rotom.go:894.36,896.18 2 0
github.com/xgzlucario/rotom/rotom.go:896.18,898.5 1 0
github.com/xgzlucario/rotom/rotom.go:900.4,901.18 2 0
github.com/xgzlucario/rotom/rotom.go:901.18,903.5 1 0
github.com/xgzlucario/rotom/rotom.go:905.4,905.38 1 0
github.com/xgzlucario/rotom/rotom.go:905.38,906.15 1 0
github.com/xgzlucario/rotom/rotom.go:907.19,908.18 1 0
github.com/xgzlucario/rotom/rotom.go:909.18,910.17 1 0
github.com/xgzlucario/rotom/rotom.go:911.19,912.18 1 0
github.com/xgzlucario/rotom/rotom.go:915.10,915.45 1 0
github.com/xgzlucario/rotom/rotom.go:915.45,916.15 1 0
github.com/xgzlucario/rotom/rotom.go:917.19,918.18 1 0
github.com/xgzlucario/rotom/rotom.go:919.18,920.17 1 0
github.com/xgzlucario/rotom/rotom.go:921.19,922.18 1 0
github.com/xgzlucario/rotom/rotom.go:925.10,926.15 1 0
github.com/xgzlucario/rotom/rotom.go:927.19,928.50 1 0
github.com/xgzlucario/rotom/rotom.go:929.18,930.49 1 0
github.com/xgzlucario/rotom/rotom.go:931.19,932.50 1 0
github.com/xgzlucario/rotom/rotom.go:936.15,938.18 2 0
github.com/xgzlucario/rotom/rotom.go:938.18,940.5 1 0
github.com/xgzlucario/rotom/rotom.go:941.4,942.18 2 0
github.com/xgzlucario/rotom/rotom.go:942.18,944.5 1 0
github.com/xgzlucario/rotom/rotom.go:945.4,945.46 1 0
github.com/xgzlucario/rotom/rotom.go:947.16,949.18 2 0
github.com/xgzlucario/rotom/rotom.go:949.18,951.5 1 0
github.com/xgzlucario/rotom/rotom.go:952.4,953.18 2 0
github.com/xgzlucario/rotom/rotom.go:953.18,955.5 1 0
github.com/xgzlucario/rotom/rotom.go:956.4,956.29 1 0
github.com/xgzlucario/rotom/rotom.go:958.18,960.18 2 0
github.com/xgzlucario/rotom/rotom.go:960.18,962.5 1 0
github.com/xgzlucario/rotom/rotom.go:963.4,963.28 1 0
github.com/xgzlucario/rotom/rotom.go:965.11,966.65 1 0
github.com/xgzlucario/rotom/rotom.go:970.2,972.12 2 1
github.com/xgzlucario/rotom/rotom.go:976.27,977.32 1 0
github.com/xgzlucario/rotom/rotom.go:977.32,979.3 1 0
github.com/xgzlucario/rotom/rotom.go:981.2,983.69 2 0
github.com/xgzlucario/rotom/rotom.go:983.69,984.19 1 0
github.com/xgzlucario/rotom/rotom.go:985.12,986.20 1 0
github.com/xgzlucario/rotom/rotom.go:987.15,988.20 1 0
github.com/xgzlucario/rotom/rotom.go:989.13,990.18 1 0
github.com/xgzlucario/rotom/rotom.go:991.12,992.17 1 0
github.com/xgzlucario/rotom/rotom.go:993.11,994.36 1 0
github.com/xgzlucario/rotom/rotom.go:998.3,998.92 1 0
github.com/xgzlucario/rotom/rotom.go:998.92,1001.4 2 0
github.com/xgzlucario/rotom/rotom.go:1003.2,1003.16 1 0
github.com/xgzlucario/rotom/rotom.go:1003.16,1004.13 1 0
github.com/xgzlucario/rotom/rotom.go:1008.2,1018.33 7 0
github.com/xgzlucario/rotom/rotom.go:1025.68,1028.40 2 1
github.com/xgzlucario/rotom/rotom.go:1028.40,1030.13 2 1
github.com/xgzlucario/rotom/rotom.go:1030.13,1032.4 1 0
github.com/xgzlucario/rotom/rotom.go:1034.3,1038.28 3 1
github.com/xgzlucario/rotom/rotom.go:1038.28,1040.4 1 0
github.com/xgzlucario/rotom/rotom.go:1042.3,1044.26 2 1
github.com/xgzlucario/rotom/rotom.go:1047.2,1047.23 1 1
github.com/xgzlucario/rotom/rotom.go:1051.58,1052.34 1 0
github.com/xgzlucario/rotom/rotom.go:1052.34,1054.3 1 0
github.com/xgzlucario/rotom/rotom.go:1058.58,1059.34 1 0
github.com/xgzlucario/rotom/rotom.go:1059.34,1061.3 1 0
github.com/xgzlucario/rotom/rotom.go:1065.60,1066.35 1 0
github.com/xgzlucario/rotom/rotom.go:1066.35,1068.3 1 0
github.com/xgzlucario/rotom/rotom.go:1072.65,1073.37 1 1
github.com/xgzlucario/rotom/rotom.go:1073.37,1075.3 1 1
github.com/xgzlucario/rotom/rotom.go:1079.60,1080.35 1 0
github.com/xgzlucario/rotom/rotom.go:1080.35,1082.3 1 0
github.com/xgzlucario/rotom/rotom.go:1086.67,1088.8 2 1
github.com/xgzlucario/rotom/rotom.go:1088.8,1090.9 2 1
github.com/xgzlucario/rotom/rotom.go:1090.9,1092.4 1 1
github.com/xgzlucario/rotom/rotom.go:1093.3,1094.30 2 0
github.com/xgzlucario/rotom/rotom.go:1097.2,1100.18 3 1
github.com/xgzlucario/rotom/rotom.go:1103.48,1104.9 1 1
github.com/xgzlucario/rotom/rotom.go:1105.17,1106.34 1 0
github.com/xgzlucario/rotom/rotom.go:1107.17,1108.49 1 0
github.com/xgzlucario/rotom/rotom.go:1109.17,1110.49 1 1
github.com/xgzlucario/rotom/rotom.go:1111.10,1112.49 1 0
github.com/xgzlucario/rotom/rotom.go:1116.53,1117.12 1 1
github.com/xgzlucario/rotom/rotom.go:1117.12,1118.28 1 0
github.com/xgzlucario/rotom/rotom.go:1120.2,1120.12 1 1
github.com/xgzlucario/rotom/rotom.go:1120.12,1121.7 1 1
github.com/xgzlucario/rotom/rotom.go:1121.7,1123.16 2 1
github.com/xgzlucario/rotom/rotom.go:1123.16,1125.5 1 1
github.com/xgzlucario/rotom/rotom.go:1126.4,1126.7 1 1
github.com/xgzlucario/rotom/rotom.go:1131.38,1132.21 1 0
github.com/xgzlucario/rotom/rotom.go:1132.21,1134.3 1 0
github.com/xgzlucario/rotom/rotom.go:1136.2,1147.20 5 0
github.com/xgzlucario/rotom/rotom.go:1150.51,1151.21 1 1
github.com/xgzlucario/rotom/rotom.go:1151.21,1153.3 1 0
github.com/xgzlucario/rotom/rotom.go:1155.2,1155.20 1 1
github.com/xgzlucario/rotom/rotom.go:1155.20,1157.3 1 1
github.com/xgzlucario/rotom/rotom.go:1157.8,1159.3 1 1
github.com/xgzlucario/rotom/rotom.go:1162.52,1163.21 1 0
github.com/xgzlucario/rotom/rotom.go:1163.21,1165.3 1 0
github.com/xgzlucario/rotom/rotom.go:1167.2,1167.20 1 0
github.com/xgzlucario/rotom/rotom.go:1167.20,1169.3 1 0
github.com/xgzlucario/rotom/rotom.go:1169.8,1171.3 1 0
github.com/xgzlucario/rotom/server.go:26.61,28.16 2 0
github.com/xgzlucario/rotom/server.go:28.16,30.3 1 0
github.com/xgzlucario/rotom/server.go:33.2,35.16 3 0
github.com/xgzlucario/rotom/server.go:35.16,38.3 1 0
github.com/xgzlucario/rotom/server.go:38.8,40.3 1 0
github.com/xgzlucario/rotom/server.go:43.2,45.16 3 0
github.com/xgzlucario/rotom/server.go:45.16,47.3 1 0
github.com/xgzlucario/rotom/server.go:49.2,49.18 1 0
github.com/xgzlucario/rotom/server.go:53.67,58.16 3 0
github.com/xgzlucario/rotom/server.go:58.16,60.3 1 0
github.com/xgzlucario/rotom/server.go:62.2,62.12 1 0
github.com/xgzlucario/rotom/server.go:63.15,64.29 1 0
github.com/xgzlucario/rotom/server.go:66.14,68.39 2 0
github.com/xgzlucario/rotom/server.go:70.14,72.9 2 0
github.com/xgzlucario/rotom/server.go:72.9,74.4 1 0
github.com/xgzlucario/rotom/server.go:75.3,75.34 1 0
github.com/xgzlucario/rotom/server.go:77.15,80.18 2 0
github.com/xgzlucario/rotom/server.go:81.19,83.39 2 0
github.com/xgzlucario/rotom/server.go:86.15,87.40 1 0
github.com/xgzlucario/rotom/server.go:89.15,90.40 1 0
github.com/xgzlucario/rotom/server.go:92.14,94.22 2 0
github.com/xgzlucario/rotom/server.go:96.14,98.22 2 0
github.com/xgzlucario/rotom/server.go:100.15,102.34 2 0
github.com/xgzlucario/rotom/server.go:104.10,105.43 1 0
github.com/xgzlucario/rotom/server.go:108.2,108.26 1 0
